<?xml version="1.0" encoding="UTF-8"?>
<beans xmlns="http://www.springframework.org/schema/beans"
	xmlns:xsi="http://www.w3.org/2001/XMLSchema-instance"
	xmlns:mvc="http://www.springframework.org/schema/mvc"
	xmlns:context="http://www.springframework.org/schema/context"
	xmlns:tx="http://www.springframework.org/schema/tx"
	xsi:schemaLocation="http://www.springframework.org/schema/beans http://www.springframework.org/schema/beans/spring-beans-3.0.xsd
		http://www.springframework.org/schema/mvc http://www.springframework.org/schema/mvc/spring-mvc-3.0.xsd
		http://www.springframework.org/schema/context http://www.springframework.org/schema/context/spring-context-3.0.xsd
		http://www.springframework.org/schema/tx http://www.springframework.org/schema/tx/spring-tx.xsd" default-autowire="byName">

	<!-- Scans within the base package of the application for @Components to configure as beans -->
	<bean id="placeholderConfig"
		class="org.springframework.beans.factory.config.PropertyPlaceholderConfigurer">
		<property name="locations" >
                <list>
                    <value>classpath:/db.properties</value>
                </list>
		</property>
	</bean>

	<!-- Fabryka tworzona przez fabryke-->
	<bean id="entityManagerFactory" class="org.springframework.orm.jpa.LocalContainerEntityManagerFactoryBean">
		<property name="packagesToScan" value="com.drabyte.init.model"/>
		<property name="jpaVendorAdapter">
			<bean class="org.springframework.orm.jpa.vendor.HibernateJpaVendorAdapter" />
		</property>
		 <property name="jpaProperties">
                <props>
					<prop key="showSql">true</prop>
					<prop key="generateDdl">true</prop>
					<prop key="hibernate.dialect">${db.dialect}</prop>
					<prop key="hibernate.hbm2ddl.auto">create-drop</prop>
					<prop key="hibernate.show_sql">true</prop>
					<prop key="hibernate.transaction.flush_before_completion">true</prop>
					<prop key="hibernate.cache.provider_class">org.hibernate.cache.HashtableCacheProvider</prop>
				</props>
		</property>
	</bean>

	<bean id="dataSource" class="org.apache.commons.dbcp.BasicDataSource"
		destroy-method="close">
		<property name="driverClassName" value="${db.driver}" />
		<property name="url" value="${db.url}" />
		<property name="username" value="${db.username}" />
		<property name="password" value="${db.password}" />
	</bean>

    <bean class="org.springframework.dao.annotation.PersistenceExceptionTranslationPostProcessor"/>

	<bean id="transactionManager" class="org.springframework.orm.jpa.JpaTransactionManager">
	</bean>

</beans>
